<?xml version="1.0" encoding="UTF-8"?>
<!-- Generated by org.testng.reporters.JUnitReportReporter -->
<testsuite hostname="DESKTOP-NOR6CNL" failures="0" tests="1" name="PrimeHolding.Nixio.OpenGoogle" time="23.734" errors="0" timestamp="29 Sep 2020 07:27:05 GMT">
  <testcase classname="PrimeHolding.Nixio.OpenGoogle" name="openGoogle" time="23.734"/>
</testsuite> <!-- PrimeHolding.Nixio.OpenGoogle -->
