<?xml version="1.0" encoding="UTF-8"?>
<!-- Generated by org.testng.reporters.JUnitReportReporter -->
<testsuite hostname="DESKTOP-NOR6CNL" failures="0" tests="1" name="PrimeHolding.Nixio.UsersPageTests" time="33.873" errors="0" timestamp="4 Oct 2020 21:11:56 GMT">
  <testcase classname="PrimeHolding.Nixio.UsersPageTests" name="addNewUser" time="33.873"/>
</testsuite> <!-- PrimeHolding.Nixio.UsersPageTests -->
